TN:
SF:src\index.js
FN:28,(anonymous_0)
FNF:1
FNH:0
FNDA:0,(anonymous_0)
DA:5,1
DA:6,1
DA:7,1
DA:9,1
DA:10,1
DA:12,1
DA:14,1
DA:17,1
DA:18,1
DA:21,1
DA:22,1
DA:24,1
DA:27,1
DA:28,0
DA:29,0
DA:33,1
LF:16
LH:14
BRDA:24,0,0,1
BRDA:24,0,1,0
BRDA:27,1,0,0
BRDA:27,1,1,1
BRF:4
BRH:2
end_of_record
TN:
SF:src\controllers\animalController.js
FN:8,(anonymous_0)
FN:20,(anonymous_1)
FN:33,(anonymous_2)
FN:46,(anonymous_3)
FN:59,(anonymous_4)
FN:72,(anonymous_5)
FN:85,(anonymous_6)
FN:99,(anonymous_7)
FN:113,(anonymous_8)
FN:125,(anonymous_9)
FNF:10
FNH:6
FNDA:2,(anonymous_0)
FNDA:0,(anonymous_1)
FNDA:0,(anonymous_2)
FNDA:0,(anonymous_3)
FNDA:0,(anonymous_4)
FNDA:5,(anonymous_5)
FNDA:2,(anonymous_6)
FNDA:3,(anonymous_7)
FNDA:1,(anonymous_8)
FNDA:1,(anonymous_9)
DA:1,2
DA:2,2
DA:9,2
DA:10,2
DA:11,1
DA:13,1
DA:21,0
DA:22,0
DA:23,0
DA:24,0
DA:26,0
DA:34,0
DA:35,0
DA:36,0
DA:37,0
DA:39,0
DA:47,0
DA:48,0
DA:49,0
DA:50,0
DA:52,0
DA:60,0
DA:61,0
DA:62,0
DA:63,0
DA:65,0
DA:73,5
DA:74,5
DA:75,5
DA:76,5
DA:78,0
DA:86,2
DA:87,2
DA:88,2
DA:89,2
DA:90,1
DA:92,1
DA:100,3
DA:101,3
DA:102,3
DA:103,3
DA:104,1
DA:106,2
DA:114,1
DA:115,1
DA:116,1
DA:118,0
DA:126,1
DA:135,2
LF:49
LH:27
BRF:0
BRH:0
end_of_record
TN:
SF:src\controllers\healthController.js
FN:13,(anonymous_0)
FN:31,(anonymous_1)
FN:54,(anonymous_2)
FN:73,(anonymous_3)
FN:92,(anonymous_4)
FN:123,(anonymous_5)
FN:156,(anonymous_6)
FN:194,(anonymous_7)
FN:220,(anonymous_8)
FNF:9
FNH:0
FNDA:0,(anonymous_0)
FNDA:0,(anonymous_1)
FNDA:0,(anonymous_2)
FNDA:0,(anonymous_3)
FNDA:0,(anonymous_4)
FNDA:0,(anonymous_5)
FNDA:0,(anonymous_6)
FNDA:0,(anonymous_7)
FNDA:0,(anonymous_8)
DA:5,1
DA:6,1
DA:13,1
DA:14,0
DA:15,0
DA:16,0
DA:18,0
DA:19,0
DA:31,1
DA:32,0
DA:33,0
DA:34,0
DA:35,0
DA:37,0
DA:38,0
DA:40,0
DA:41,0
DA:54,1
DA:55,0
DA:56,0
DA:57,0
DA:58,0
DA:60,0
DA:61,0
DA:73,1
DA:74,0
DA:75,0
DA:76,0
DA:77,0
DA:79,0
DA:80,0
DA:92,1
DA:93,0
DA:94,0
DA:96,0
DA:97,0
DA:103,0
DA:104,0
DA:106,0
DA:107,0
DA:109,0
DA:110,0
DA:123,1
DA:124,0
DA:125,0
DA:126,0
DA:127,0
DA:134,0
DA:135,0
DA:136,0
DA:137,0
DA:143,0
DA:144,0
DA:156,1
DA:157,0
DA:158,0
DA:159,0
DA:160,0
DA:161,0
DA:167,0
DA:168,0
DA:172,0
DA:173,0
DA:174,0
DA:175,0
DA:181,0
DA:182,0
DA:194,1
DA:195,0
DA:196,0
DA:197,0
DA:198,0
DA:203,0
DA:204,0
DA:207,0
DA:208,0
DA:220,1
DA:221,0
DA:223,0
DA:225,0
DA:226,0
DA:232,0
DA:233,0
DA:235,0
DA:236,0
DA:243,1
LF:86
LH:12
BRDA:37,0,0,0
BRDA:37,0,1,0
BRDA:37,1,0,0
BRDA:37,1,1,0
BRDA:96,2,0,0
BRDA:96,2,1,0
BRDA:96,3,0,0
BRDA:96,3,1,0
BRDA:106,4,0,0
BRDA:106,4,1,0
BRDA:106,5,0,0
BRDA:106,5,1,0
BRDA:106,5,2,0
BRDA:134,6,0,0
BRDA:134,6,1,0
BRDA:134,7,0,0
BRDA:134,7,1,0
BRDA:167,8,0,0
BRDA:167,8,1,0
BRDA:167,9,0,0
BRDA:167,9,1,0
BRDA:172,10,0,0
BRDA:172,10,1,0
BRDA:172,11,0,0
BRDA:172,11,1,0
BRDA:203,12,0,0
BRDA:203,12,1,0
BRDA:203,13,0,0
BRDA:203,13,1,0
BRDA:223,14,0,0
BRDA:223,14,1,0
BRDA:225,15,0,0
BRDA:225,15,1,0
BRDA:225,16,0,0
BRDA:225,16,1,0
BRDA:225,16,2,0
BRF:36
BRH:0
end_of_record
TN:
SF:src\models\Animal.js
FN:38,(anonymous_0)
FN:67,(anonymous_1)
FN:104,(anonymous_2)
FN:122,(anonymous_3)
FN:146,(anonymous_4)
FN:165,(anonymous_5)
FN:184,(anonymous_6)
FN:203,(anonymous_7)
FN:222,(anonymous_8)
FN:241,(anonymous_9)
FN:262,(anonymous_10)
FN:283,(anonymous_11)
FN:302,(anonymous_12)
FN:342,(anonymous_13)
FN:370,(anonymous_14)
FN:371,(anonymous_15)
FN:372,(anonymous_16)
FN:373,(anonymous_17)
FNF:18
FNH:10
FNDA:9,(anonymous_0)
FNDA:2,(anonymous_1)
FNDA:0,(anonymous_2)
FNDA:5,(anonymous_3)
FNDA:0,(anonymous_4)
FNDA:0,(anonymous_5)
FNDA:0,(anonymous_6)
FNDA:0,(anonymous_7)
FNDA:0,(anonymous_8)
FNDA:4,(anonymous_9)
FNDA:0,(anonymous_10)
FNDA:0,(anonymous_11)
FNDA:1,(anonymous_12)
FNDA:1,(anonymous_13)
FNDA:36,(anonymous_14)
FNDA:12,(anonymous_15)
FNDA:11,(anonymous_16)
FNDA:23,(anonymous_17)
DA:5,5
DA:7,5
DA:10,5
DA:18,5
DA:25,5
DA:31,5
DA:39,9
DA:40,9
DA:41,9
DA:42,9
DA:43,9
DA:44,9
DA:45,9
DA:46,9
DA:47,9
DA:48,9
DA:49,9
DA:50,9
DA:53,9
DA:54,9
DA:55,9
DA:56,9
DA:57,9
DA:58,9
DA:60,9
DA:61,9
DA:62,9
DA:63,9
DA:64,9
DA:68,2
DA:70,2
DA:71,0
DA:74,2
DA:75,0
DA:78,2
DA:79,1
DA:82,2
DA:83,1
DA:86,2
DA:87,0
DA:90,2
DA:91,0
DA:94,2
DA:105,0
DA:109,0
DA:110,0
DA:111,0
DA:114,0
DA:123,5
DA:129,5
DA:130,0
DA:132,0
DA:134,0
DA:135,0
DA:138,5
DA:147,0
DA:152,0
DA:153,0
DA:154,0
DA:157,0
DA:166,0
DA:171,0
DA:172,0
DA:173,0
DA:176,0
DA:185,0
DA:190,0
DA:191,0
DA:192,0
DA:195,0
DA:204,0
DA:209,0
DA:210,0
DA:211,0
DA:214,0
DA:223,0
DA:228,0
DA:229,0
DA:230,0
DA:233,0
DA:242,4
DA:248,4
DA:249,0
DA:250,0
DA:253,4
DA:263,0
DA:270,0
DA:271,0
DA:272,0
DA:275,0
DA:284,0
DA:289,0
DA:290,0
DA:291,0
DA:294,0
DA:303,1
DA:304,0
DA:307,1
DA:314,1
DA:315,1
DA:316,1
DA:317,0
DA:318,0
DA:319,0
DA:322,1
DA:329,1
DA:330,0
DA:331,0
DA:334,1
DA:343,1
DA:344,1
DA:347,0
DA:354,0
DA:361,0
DA:362,0
DA:363,0
DA:366,0
DA:370,36
DA:371,12
DA:372,11
DA:373,23
DA:376,5
LF:122
LH:60
BRDA:38,0,0,1
BRDA:39,1,0,9
BRDA:39,1,1,4
BRDA:40,2,0,9
BRDA:40,2,1,2
BRDA:41,3,0,9
BRDA:41,3,1,2
BRDA:42,4,0,9
BRDA:42,4,1,8
BRDA:43,5,0,9
BRDA:43,5,1,8
BRDA:44,6,0,9
BRDA:44,6,1,8
BRDA:45,7,0,9
BRDA:45,7,1,8
BRDA:46,8,0,9
BRDA:46,8,1,8
BRDA:47,9,0,9
BRDA:47,9,1,9
BRDA:48,10,0,9
BRDA:48,10,1,9
BRDA:49,11,0,9
BRDA:49,11,1,9
BRDA:50,12,0,9
BRDA:50,12,1,9
BRDA:53,13,0,9
BRDA:53,13,1,4
BRDA:54,14,0,9
BRDA:54,14,1,8
BRDA:55,15,0,9
BRDA:55,15,1,9
BRDA:56,16,0,9
BRDA:56,16,1,7
BRDA:57,17,0,9
BRDA:57,17,1,9
BRDA:58,18,0,9
BRDA:58,18,1,9
BRDA:60,19,0,9
BRDA:60,19,1,9
BRDA:61,20,0,9
BRDA:61,20,1,9
BRDA:62,21,0,9
BRDA:62,21,1,9
BRDA:63,22,0,9
BRDA:63,22,1,9
BRDA:64,23,0,9
BRDA:64,23,1,9
BRDA:70,24,0,0
BRDA:70,24,1,2
BRDA:74,25,0,0
BRDA:74,25,1,2
BRDA:78,26,0,1
BRDA:78,26,1,1
BRDA:78,27,0,2
BRDA:78,27,1,1
BRDA:82,28,0,1
BRDA:82,28,1,1
BRDA:82,29,0,2
BRDA:82,29,1,1
BRDA:86,30,0,0
BRDA:86,30,1,2
BRDA:86,31,0,2
BRDA:86,31,1,0
BRDA:90,32,0,0
BRDA:90,32,1,2
BRDA:109,33,0,0
BRDA:109,33,1,0
BRDA:129,34,0,0
BRDA:129,34,1,5
BRDA:130,35,0,0
BRDA:130,35,1,0
BRDA:152,36,0,0
BRDA:152,36,1,0
BRDA:171,37,0,0
BRDA:171,37,1,0
BRDA:190,38,0,0
BRDA:190,38,1,0
BRDA:209,39,0,0
BRDA:209,39,1,0
BRDA:228,40,0,0
BRDA:228,40,1,0
BRDA:248,41,0,0
BRDA:248,41,1,4
BRDA:270,42,0,0
BRDA:270,42,1,0
BRDA:289,43,0,0
BRDA:289,43,1,0
BRDA:303,44,0,0
BRDA:303,44,1,1
BRDA:314,45,0,1
BRDA:314,45,1,0
BRDA:317,46,0,0
BRDA:317,46,1,0
BRDA:329,47,0,0
BRDA:329,47,1,1
BRDA:343,48,0,1
BRDA:343,48,1,0
BRDA:361,49,0,0
BRDA:361,49,1,0
BRF:99
BRH:66
end_of_record
TN:
SF:src\models\HealthRecord.js
FN:19,(anonymous_0)
FN:35,(anonymous_1)
FN:65,(anonymous_2)
FN:83,(anonymous_3)
FN:107,(anonymous_4)
FN:127,(anonymous_5)
FN:147,(anonymous_6)
FN:168,(anonymous_7)
FN:189,(anonymous_8)
FN:210,(anonymous_9)
FN:228,(anonymous_10)
FN:272,(anonymous_11)
FN:294,(anonymous_12)
FN:312,(anonymous_13)
FNF:14
FNH:3
FNDA:1,(anonymous_0)
FNDA:0,(anonymous_1)
FNDA:0,(anonymous_2)
FNDA:0,(anonymous_3)
FNDA:0,(anonymous_4)
FNDA:0,(anonymous_5)
FNDA:0,(anonymous_6)
FNDA:0,(anonymous_7)
FNDA:0,(anonymous_8)
FNDA:0,(anonymous_9)
FNDA:1,(anonymous_10)
FNDA:0,(anonymous_11)
FNDA:0,(anonymous_12)
FNDA:1,(anonymous_13)
DA:5,3
DA:6,3
DA:8,3
DA:11,3
DA:20,1
DA:21,1
DA:22,1
DA:23,1
DA:24,1
DA:25,1
DA:26,1
DA:27,1
DA:28,1
DA:29,1
DA:30,1
DA:31,1
DA:32,1
DA:36,0
DA:38,0
DA:39,0
DA:42,0
DA:43,0
DA:46,0
DA:47,0
DA:48,0
DA:50,0
DA:51,0
DA:55,0
DA:66,0
DA:70,0
DA:71,0
DA:72,0
DA:75,0
DA:84,0
DA:90,0
DA:91,0
DA:93,0
DA:95,0
DA:96,0
DA:99,0
DA:108,0
DA:114,0
DA:115,0
DA:116,0
DA:119,0
DA:128,0
DA:133,0
DA:134,0
DA:135,0
DA:138,0
DA:148,0
DA:155,0
DA:156,0
DA:157,0
DA:160,0
DA:169,0
DA:175,0
DA:176,0
DA:177,0
DA:180,0
DA:190,0
DA:197,0
DA:198,0
DA:199,0
DA:202,0
DA:211,0
DA:216,0
DA:217,0
DA:218,0
DA:221,0
DA:229,1
DA:230,0
DA:233,1
DA:249,1
DA:250,0
DA:251,0
DA:255,1
DA:256,1
DA:257,1
DA:258,0
DA:261,1
DA:264,1
DA:273,0
DA:280,0
DA:281,0
DA:282,0
DA:285,0
DA:295,0
DA:303,0
DA:304,0
DA:305,0
DA:308,0
DA:312,1
DA:315,3
LF:94
LH:27
BRDA:19,0,0,0
BRDA:20,1,0,1
BRDA:20,1,1,1
BRDA:21,2,0,1
BRDA:21,2,1,0
BRDA:22,3,0,1
BRDA:22,3,1,0
BRDA:23,4,0,1
BRDA:23,4,1,0
BRDA:24,5,0,1
BRDA:24,5,1,0
BRDA:25,6,0,1
BRDA:25,6,1,1
BRDA:26,7,0,1
BRDA:26,7,1,0
BRDA:27,8,0,1
BRDA:27,8,1,1
BRDA:28,9,0,1
BRDA:28,9,1,0
BRDA:29,10,0,1
BRDA:29,10,1,0
BRDA:30,11,0,1
BRDA:30,11,1,1
BRDA:31,12,0,1
BRDA:31,12,1,1
BRDA:32,13,0,1
BRDA:32,13,1,1
BRDA:38,14,0,0
BRDA:38,14,1,0
BRDA:42,15,0,0
BRDA:42,15,1,0
BRDA:42,16,0,0
BRDA:42,16,1,0
BRDA:46,17,0,0
BRDA:46,17,1,0
BRDA:47,18,0,0
BRDA:47,18,1,0
BRDA:50,19,0,0
BRDA:50,19,1,0
BRDA:50,20,0,0
BRDA:50,20,1,0
BRDA:70,21,0,0
BRDA:70,21,1,0
BRDA:90,22,0,0
BRDA:90,22,1,0
BRDA:91,23,0,0
BRDA:91,23,1,0
BRDA:114,24,0,0
BRDA:114,24,1,0
BRDA:133,25,0,0
BRDA:133,25,1,0
BRDA:155,26,0,0
BRDA:155,26,1,0
BRDA:175,27,0,0
BRDA:175,27,1,0
BRDA:197,28,0,0
BRDA:197,28,1,0
BRDA:216,29,0,0
BRDA:216,29,1,0
BRDA:229,30,0,0
BRDA:229,30,1,1
BRDA:249,31,0,0
BRDA:249,31,1,1
BRDA:255,32,0,1
BRDA:255,32,1,0
BRDA:257,33,0,0
BRDA:257,33,1,1
BRDA:280,34,0,0
BRDA:280,34,1,0
BRDA:303,35,0,0
BRDA:303,35,1,0
BRF:71
BRH:23
end_of_record
TN:
SF:src\routes\animalRoutes.js
FNF:0
FNH:0
DA:5,1
DA:6,1
DA:7,1
DA:10,1
DA:11,1
DA:14,1
DA:17,1
DA:18,1
DA:21,1
DA:24,1
DA:25,1
DA:28,1
DA:31,1
DA:33,1
LF:14
LH:14
BRF:0
BRH:0
end_of_record
TN:
SF:src\routes\healthRoutes.js
FNF:0
FNH:0
DA:5,1
DA:6,1
DA:7,1
DA:10,1
DA:13,1
DA:16,1
DA:19,1
DA:22,1
DA:25,1
DA:28,1
DA:31,1
DA:34,1
DA:36,1
LF:13
LH:13
BRF:0
BRH:0
end_of_record
TN:
SF:src\services\AnimalContext.js
FN:12,(anonymous_0)
FN:26,(anonymous_1)
FN:40,(anonymous_2)
FN:54,(anonymous_3)
FN:69,(anonymous_4)
FN:83,(anonymous_5)
FNF:6
FNH:0
FNDA:0,(anonymous_0)
FNDA:0,(anonymous_1)
FNDA:0,(anonymous_2)
FNDA:0,(anonymous_3)
FNDA:0,(anonymous_4)
FNDA:0,(anonymous_5)
DA:5,0
DA:13,0
DA:14,0
DA:16,0
DA:17,0
DA:27,0
DA:28,0
DA:30,0
DA:31,0
DA:41,0
DA:42,0
DA:44,0
DA:45,0
DA:55,0
DA:56,0
DA:58,0
DA:59,0
DA:70,0
DA:71,0
DA:73,0
DA:74,0
DA:84,0
DA:85,0
DA:87,0
DA:88,0
DA:93,0
LF:26
LH:0
BRF:0
BRH:0
end_of_record
TN:
SF:src\services\AnimalProtocol.js
FN:10,(anonymous_0)
FN:18,(anonymous_1)
FN:32,(anonymous_2)
FN:50,(anonymous_3)
FN:67,(anonymous_4)
FN:88,(anonymous_5)
FN:106,(anonymous_6)
FN:120,(anonymous_7)
FNF:8
FNH:0
FNDA:0,(anonymous_0)
FNDA:0,(anonymous_1)
FNDA:0,(anonymous_2)
FNDA:0,(anonymous_3)
FNDA:0,(anonymous_4)
FNDA:0,(anonymous_5)
FNDA:0,(anonymous_6)
FNDA:0,(anonymous_7)
DA:11,0
DA:19,0
DA:20,0
DA:22,0
DA:23,0
DA:33,0
DA:34,0
DA:35,0
DA:36,0
DA:38,0
DA:40,0
DA:41,0
DA:51,0
DA:53,0
DA:54,0
DA:56,0
DA:57,0
DA:68,0
DA:70,0
DA:73,0
DA:76,0
DA:78,0
DA:79,0
DA:89,0
DA:91,0
DA:94,0
DA:96,0
DA:97,0
DA:107,0
DA:108,0
DA:110,0
DA:111,0
DA:122,0
DA:124,0
DA:125,0
DA:126,0
DA:127,0
DA:133,0
DA:134,0
DA:137,0
DA:138,0
DA:141,0
DA:142,0
DA:143,0
DA:144,0
DA:148,0
DA:149,0
DA:155,0
LF:48
LH:0
BRDA:35,0,0,0
BRDA:35,0,1,0
BRDA:120,1,0,0
BRDA:124,2,0,0
BRDA:124,2,1,0
BRDA:126,3,0,0
BRDA:126,3,1,0
BRDA:133,4,0,0
BRDA:133,4,1,0
BRDA:133,5,0,0
BRDA:133,5,1,0
BRDA:137,6,0,0
BRDA:137,6,1,0
BRDA:137,7,0,0
BRDA:137,7,1,0
BRDA:141,8,0,0
BRDA:141,8,1,0
BRDA:143,9,0,0
BRDA:143,9,1,0
BRDA:148,10,0,0
BRDA:148,10,1,0
BRF:21
BRH:0
end_of_record
TN:
SF:src\services\AnimalService.js
FN:10,(anonymous_0)
FN:48,(anonymous_1)
FN:64,(anonymous_2)
FN:105,(anonymous_3)
FN:125,(anonymous_4)
FN:127,(anonymous_5)
FN:148,(anonymous_6)
FN:167,(anonymous_7)
FN:174,(anonymous_8)
FN:175,(anonymous_9)
FNF:10
FNH:10
FNDA:8,(anonymous_0)
FNDA:4,(anonymous_1)
FNDA:2,(anonymous_2)
FNDA:3,(anonymous_3)
FNDA:2,(anonymous_4)
FNDA:2,(anonymous_5)
FNDA:2,(anonymous_6)
FNDA:1,(anonymous_7)
FNDA:2,(anonymous_8)
FNDA:2,(anonymous_9)
DA:1,3
DA:2,3
DA:11,8
DA:14,8
DA:15,3
DA:19,5
DA:21,2
DA:25,3
DA:26,2
DA:27,2
DA:28,1
DA:33,2
DA:34,2
DA:35,2
DA:36,1
DA:40,1
DA:50,4
DA:51,4
DA:52,3
DA:55,4
DA:65,2
DA:66,2
DA:67,0
DA:71,2
DA:72,1
DA:76,1
DA:88,1
DA:91,1
DA:93,1
DA:106,3
DA:107,3
DA:108,1
DA:112,2
DA:113,2
DA:114,2
DA:117,0
DA:127,2
DA:129,2
DA:131,0
DA:133,0
DA:134,0
DA:136,0
DA:137,0
DA:139,2
DA:140,2
DA:142,0
DA:146,2
DA:147,2
DA:148,2
DA:149,2
DA:150,2
DA:157,0
DA:160,2
DA:169,1
DA:170,1
DA:171,4
DA:172,4
DA:174,2
DA:175,2
DA:180,1
DA:187,1
DA:193,1
DA:199,1
DA:209,3
LF:64
LH:55
BRDA:11,0,0,0
BRDA:11,0,1,8
BRDA:14,1,0,3
BRDA:14,1,1,5
BRDA:14,2,0,8
BRDA:14,2,1,5
BRDA:19,3,0,2
BRDA:19,3,1,3
BRDA:19,4,0,5
BRDA:19,4,1,2
BRDA:19,4,2,3
BRDA:25,5,0,2
BRDA:25,5,1,1
BRDA:25,6,0,3
BRDA:25,6,1,2
BRDA:27,7,0,1
BRDA:27,7,1,1
BRDA:27,8,0,2
BRDA:27,8,1,2
BRDA:33,9,0,2
BRDA:33,9,1,0
BRDA:35,10,0,1
BRDA:35,10,1,1
BRDA:51,11,0,3
BRDA:51,11,1,1
BRDA:66,12,0,0
BRDA:66,12,1,2
BRDA:71,13,0,1
BRDA:71,13,1,1
BRDA:107,14,0,1
BRDA:107,14,1,2
BRDA:113,15,0,2
BRDA:113,15,1,0
BRDA:129,16,0,0
BRDA:129,16,1,0
BRDA:129,16,2,0
BRDA:129,16,3,2
BRDA:129,16,4,0
BRDA:149,17,0,2
BRDA:149,17,1,0
BRF:40
BRH:31
end_of_record
TN:
SF:src\services\HealthContext.js
FN:12,(anonymous_0)
FN:25,(anonymous_1)
FN:38,(anonymous_2)
FN:51,(anonymous_3)
FN:65,(anonymous_4)
FN:78,(anonymous_5)
FN:92,(anonymous_6)
FN:105,(anonymous_7)
FNF:8
FNH:0
FNDA:0,(anonymous_0)
FNDA:0,(anonymous_1)
FNDA:0,(anonymous_2)
FNDA:0,(anonymous_3)
FNDA:0,(anonymous_4)
FNDA:0,(anonymous_5)
FNDA:0,(anonymous_6)
FNDA:0,(anonymous_7)
DA:5,1
DA:13,0
DA:14,0
DA:16,0
DA:26,0
DA:27,0
DA:29,0
DA:39,0
DA:40,0
DA:42,0
DA:52,0
DA:53,0
DA:55,0
DA:66,0
DA:67,0
DA:69,0
DA:79,0
DA:80,0
DA:82,0
DA:93,0
DA:94,0
DA:96,0
DA:106,0
DA:107,0
DA:109,0
DA:114,1
LF:26
LH:2
BRF:0
BRH:0
end_of_record
TN:
SF:src\services\HealthProtocol.js
FN:8,(anonymous_0)
FN:17,(anonymous_1)
FN:55,(anonymous_2)
FN:65,(anonymous_3)
FN:80,(anonymous_4)
FN:89,(anonymous_5)
FN:99,(anonymous_6)
FN:121,(anonymous_7)
FN:142,(anonymous_8)
FN:169,(anonymous_9)
FN:185,(anonymous_10)
FN:201,(anonymous_11)
FNF:12
FNH:1
FNDA:1,(anonymous_0)
FNDA:0,(anonymous_1)
FNDA:0,(anonymous_2)
FNDA:0,(anonymous_3)
FNDA:0,(anonymous_4)
FNDA:0,(anonymous_5)
FNDA:0,(anonymous_6)
FNDA:0,(anonymous_7)
FNDA:0,(anonymous_8)
FNDA:0,(anonymous_9)
FNDA:0,(anonymous_10)
FNDA:0,(anonymous_11)
DA:5,1
DA:9,1
DA:18,0
DA:21,0
DA:22,0
DA:26,0
DA:27,0
DA:30,0
DA:31,0
DA:33,0
DA:34,0
DA:39,0
DA:40,0
DA:44,0
DA:45,0
DA:48,0
DA:56,0
DA:66,0
DA:68,0
DA:69,0
DA:72,0
DA:81,0
DA:90,0
DA:101,0
DA:103,0
DA:104,0
DA:108,0
DA:109,0
DA:112,0
DA:123,0
DA:125,0
DA:126,0
DA:132,0
DA:144,0
DA:146,0
DA:147,0
DA:151,0
DA:156,0
DA:157,0
DA:160,0
DA:171,0
DA:173,0
DA:174,0
DA:177,0
DA:187,0
DA:190,0
DA:191,0
DA:194,0
DA:195,0
DA:198,0
DA:201,0
DA:205,1
LF:52
LH:3
BRDA:21,0,0,0
BRDA:21,0,1,0
BRDA:26,1,0,0
BRDA:26,1,1,0
BRDA:33,2,0,0
BRDA:33,2,1,0
BRDA:33,3,0,0
BRDA:33,3,1,0
BRDA:39,4,0,0
BRDA:39,4,1,0
BRDA:44,5,0,0
BRDA:44,5,1,0
BRDA:44,6,0,0
BRDA:44,6,1,0
BRDA:48,7,0,0
BRDA:48,7,1,0
BRDA:68,8,0,0
BRDA:68,8,1,0
BRDA:103,9,0,0
BRDA:103,9,1,0
BRDA:103,10,0,0
BRDA:103,10,1,0
BRDA:108,11,0,0
BRDA:108,11,1,0
BRDA:125,12,0,0
BRDA:125,12,1,0
BRDA:146,13,0,0
BRDA:146,13,1,0
BRDA:156,14,0,0
BRDA:156,14,1,0
BRDA:173,15,0,0
BRDA:173,15,1,0
BRDA:185,16,0,0
BRF:33
BRH:0
end_of_record
